Watching for file changes with StatReloader
Watching for file changes with StatReloader
Watching for file changes with StatReloader
[02/Dec/2024 08:24:25] "GET /projects/ HTTP/1.1" 200 642
[02/Dec/2024 08:24:26] "POST /project/7/info/ HTTP/1.1" 200 133
[02/Dec/2024 08:24:27] "GET /project/7/ HTTP/1.1" 200 117
[02/Dec/2024 08:24:28] "GET /project/7/ HTTP/1.1" 200 117
[02/Dec/2024 08:24:29] "GET /projects/ HTTP/1.1" 200 671
[02/Dec/2024 08:24:30] "GET /project/7/ HTTP/1.1" 200 117
[02/Dec/2024 08:24:31] "GET /projects/ HTTP/1.1" 200 671
[02/Dec/2024 08:24:32] "POST /project/8/info/ HTTP/1.1" 200 133
[02/Dec/2024 08:30:49] "GET /project/1/ HTTP/1.1" 200 88
[02/Dec/2024 08:30:52] "GET /projects/ HTTP/1.1" 200 700
[02/Dec/2024 08:30:53] "GET /projects/ HTTP/1.1" 200 700
[02/Dec/2024 08:30:54] "GET /project/9/ HTTP/1.1" 200 88
[02/Dec/2024 08:30:58] "GET /projects/ HTTP/1.1" 200 700
[02/Dec/2024 08:30:59] "GET /project/3/ HTTP/1.1" 200 88
[02/Dec/2024 08:31:01] "POST /project/1/info/ HTTP/1.1" 200 133
[02/Dec/2024 08:31:43] "GET /project/1/ HTTP/1.1" 200 117
[02/Dec/2024 08:32:47] "GET /project/2/ HTTP/1.1" 200 88
[02/Dec/2024 08:32:52] "GET /projects/ HTTP/1.1" 200 729
[02/Dec/2024 08:32:56] "GET /project/1/ HTTP/1.1" 200 117
[02/Dec/2024 08:33:01] "GET /projects/ HTTP/1.1" 200 729
[02/Dec/2024 08:33:05] "GET /projects/ HTTP/1.1" 200 729
[02/Dec/2024 08:33:08] "GET /projects/ HTTP/1.1" 200 729
[02/Dec/2024 08:33:09] "GET /projects/ HTTP/1.1" 200 729
[02/Dec/2024 08:33:14] "GET /projects/ HTTP/1.1" 200 729
[02/Dec/2024 08:33:16] "GET /projects/ HTTP/1.1" 200 729
[02/Dec/2024 08:33:17] "POST /project/10/info/ HTTP/1.1" 200 134
[02/Dec/2024 08:33:19] "GET /project/7/ HTTP/1.1" 200 117
[02/Dec/2024 08:33:20] "POST /project/3/info/ HTTP/1.1" 200 133
[02/Dec/2024 08:33:29] "GET /project/1/ HTTP/1.1" 200 117
[02/Dec/2024 08:33:52] "POST /project/3/info/ HTTP/1.1" 200 133
[02/Dec/2024 08:34:00] "GET /project/10/ HTTP/1.1" 200 118
[02/Dec/2024 08:35:05] "POST /project/5/info/ HTTP/1.1" 200 133
[02/Dec/2024 08:35:42] "POST /project/5/info/ HTTP/1.1" 200 133
[02/Dec/2024 08:35:51] "GET /projects/ HTTP/1.1" 200 815
[02/Dec/2024 08:35:55] "GET /projects/ HTTP/1.1" 200 815
[02/Dec/2024 08:36:49] "GET /projects/ HTTP/1.1" 200 815
[02/Dec/2024 08:37:03] "GET /projects/ HTTP/1.1" 200 815
[02/Dec/2024 08:37:08] "POST /project/2/info/ HTTP/1.1" 200 133
[02/Dec/2024 08:37:12] "GET /projects/ HTTP/1.1" 200 844
[02/Dec/2024 08:37:19] "POST /project/2/info/ HTTP/1.1" 200 133
[02/Dec/2024 08:37:23] "POST /project/6/info/ HTTP/1.1" 200 133
[02/Dec/2024 08:39:37] "GET /project/6/ HTTP/1.1" 200 117
[02/Dec/2024 08:39:42] "POST /project/10/info/ HTTP/1.1" 200 134
[02/Dec/2024 08:39:47] "POST /project/5/info/ HTTP/1.1" 200 133
[02/Dec/2024 08:39:52] "GET /project/3/ HTTP/1.1" 200 117
[02/Dec/2024 08:39:57] "POST /project/3/info/ HTTP/1.1" 200 133
[02/Dec/2024 08:39:59] "GET /project/8/ HTTP/1.1" 200 117
[02/Dec/2024 08:40:00] "GET /projects/ HTTP/1.1" 200 873
[02/Dec/2024 08:40:04] "GET /projects/ HTTP/1.1" 200 873
[02/Dec/2024 08:40:07] "GET /project/5/ HTTP/1.1" 200 117
[02/Dec/2024 08:40:10] "POST /project/6/info/ HTTP/1.1" 200 133
[02/Dec/2024 08:40:17] "GET /project/6/ HTTP/1.1" 200 117
[02/Dec/2024 08:40:28] "GET /project/6/ HTTP/1.1" 200 117
[02/Dec/2024 08:40:32] "GET /project/3/ HTTP/1.1" 200 117
Watching for file changes with StatReloader
[02/Dec/2024 08:44:40] "POST /project/10/info/ HTTP/1.1" 200 134
[02/Dec/2024 08:45:46] "POST /project/10/info/ HTTP/1.1" 200 134
[02/Dec/2024 08:46:12] "POST /project/10/info/ HTTP/1.1" 200 134
[02/Dec/2024 08:46:17] "GET /project/5/ HTTP/1.1" 200 88
[02/Dec/2024 08:46:20] "GET /project/4/ HTTP/1.1" 200 88
[02/Dec/2024 08:46:23] "GET /projects/ HTTP/1.1" 200 670
[02/Dec/2024 08:46:26] "GET /project/9/ HTTP/1.1" 200 88
[02/Dec/2024 08:46:27] "GET /projects/ HTTP/1.1" 200 670
[02/Dec/2024 08:46:32] "GET /project/7/ HTTP/1.1" 200 88
[02/Dec/2024 08:46:37] "POST /project/7/info/ HTTP/1.1" 200 133
[02/Dec/2024 08:46:41] "POST /project/7/info/ HTTP/1.1" 200 133
[02/Dec/2024 08:46:42] "GET /project/8/ HTTP/1.1" 200 88
[02/Dec/2024 08:46:43] "GET /project/5/ HTTP/1.1" 200 88
Watching for file changes with StatReloader
[02/Dec/2024 08:49:48] "GET /project/9/ HTTP/1.1" 200 88
[02/Dec/2024 08:49:49] "GET /project/10/ HTTP/1.1" 200 90
[02/Dec/2024 08:49:53] "POST /project/3/info/ HTTP/1.1" 200 133
[02/Dec/2024 08:49:56] "POST /project/5/info/ HTTP/1.1" 200 133
[02/Dec/2024 08:49:58] "GET /project/6/ HTTP/1.1" 200 88
[02/Dec/2024 08:49:59] "GET /project/1/ HTTP/1.1" 200 88
[02/Dec/2024 08:50:00] "GET /project/1/ HTTP/1.1" 200 88
[02/Dec/2024 08:50:03] "POST /project/5/info/ HTTP/1.1" 200 133
[02/Dec/2024 08:50:06] "POST /project/7/info/ HTTP/1.1" 200 133
[02/Dec/2024 08:50:07] "GET /project/6/ HTTP/1.1" 200 88
Watching for file changes with StatReloader
Watching for file changes with StatReloader
[02/Dec/2024 09:00:47] "POST /project/7/info/ HTTP/1.1" 200 133
[02/Dec/2024 09:01:03] "POST /project/7/info/ HTTP/1.1" 200 133
[02/Dec/2024 09:01:07] "GET /project/7/ HTTP/1.1" 200 117
[02/Dec/2024 09:01:28] "GET /project/7/ HTTP/1.1" 200 117
[02/Dec/2024 09:01:33] "GET /project/7/ HTTP/1.1" 200 117
Watching for file changes with StatReloader
[02/Dec/2024 09:05:57] "POST /project/1/info/ HTTP/1.1" 200 133
[02/Dec/2024 09:06:05] "GET /project/5/ HTTP/1.1" 200 88
[02/Dec/2024 09:06:18] "GET /project/10/ HTTP/1.1" 200 90
[02/Dec/2024 09:06:44] "GET /project/5/ HTTP/1.1" 200 88
[02/Dec/2024 09:07:09] "GET /projects/ HTTP/1.1" 200 671
[02/Dec/2024 09:07:13] "GET /project/6/ HTTP/1.1" 200 88
[02/Dec/2024 09:07:22] "POST /project/6/info/ HTTP/1.1" 200 133
[02/Dec/2024 09:07:23] "GET /projects/ HTTP/1.1" 200 700
[02/Dec/2024 09:07:27] "GET /project/10/ HTTP/1.1" 200 90
[02/Dec/2024 09:07:33] "POST /project/1/info/ HTTP/1.1" 200 133
[02/Dec/2024 09:07:50] "GET /project/1/ HTTP/1.1" 200 117
[02/Dec/2024 09:08:00] "GET /project/1/ HTTP/1.1" 200 117
[02/Dec/2024 09:08:20] "GET /project/1/ HTTP/1.1" 200 117
[02/Dec/2024 09:08:25] "GET /projects/ HTTP/1.1" 200 700
[02/Dec/2024 09:08:28] "POST /project/6/info/ HTTP/1.1" 200 133
[02/Dec/2024 09:08:44] "POST /project/6/info/ HTTP/1.1" 200 133
[02/Dec/2024 09:08:53] "GET /projects/ HTTP/1.1" 200 700
[02/Dec/2024 09:08:55] "GET /projects/ HTTP/1.1" 200 700
[02/Dec/2024 09:08:56] "GET /projects/ HTTP/1.1" 200 700
[02/Dec/2024 09:09:01] "GET /project/7/ HTTP/1.1" 200 88
[02/Dec/2024 09:09:07] "GET /project/6/ HTTP/1.1" 200 117
[02/Dec/2024 09:09:14] "GET /project/6/ HTTP/1.1" 200 117
[02/Dec/2024 09:09:29] "POST /project/7/info/ HTTP/1.1" 200 133
[02/Dec/2024 09:09:33] "GET /projects/ HTTP/1.1" 200 729
[02/Dec/2024 09:09:37] "GET /projects/ HTTP/1.1" 200 729
[02/Dec/2024 09:09:40] "POST /project/7/info/ HTTP/1.1" 200 133
[02/Dec/2024 09:09:44] "POST /project/7/info/ HTTP/1.1" 200 133
[02/Dec/2024 09:09:48] "POST /project/7/info/ HTTP/1.1" 200 133
[02/Dec/2024 09:09:53] "GET /project/8/ HTTP/1.1" 200 88
[02/Dec/2024 09:10:00] "GET /projects/ HTTP/1.1" 200 729
[02/Dec/2024 09:10:01] "GET /project/5/ HTTP/1.1" 200 88
[02/Dec/2024 09:10:04] "POST /project/8/info/ HTTP/1.1" 200 133
[02/Dec/2024 09:10:13] "GET /projects/ HTTP/1.1" 200 758
[02/Dec/2024 09:10:17] "GET /project/9/ HTTP/1.1" 200 88
[02/Dec/2024 09:10:29] "GET /project/5/ HTTP/1.1" 200 88
[02/Dec/2024 09:10:34] "POST /project/9/info/ HTTP/1.1" 200 133
[02/Dec/2024 09:10:41] "POST /project/9/info/ HTTP/1.1" 200 133
[02/Dec/2024 09:10:52] "GET /project/9/ HTTP/1.1" 200 117
Not Found: /projects/3
[02/Dec/2024 09:17:38] "GET /projects/3 HTTP/1.1" 404 2676
[02/Dec/2024 09:17:41] "GET /projects/ HTTP/1.1" 200 787
[02/Dec/2024 09:17:42] "GET /project/3/ HTTP/1.1" 200 88
[02/Dec/2024 10:20:17] "GET /project/7/ HTTP/1.1" 200 117
[02/Dec/2024 10:21:18] "GET /project/10/ HTTP/1.1" 200 90
[02/Dec/2024 10:21:23] "GET /project/10/ HTTP/1.1" 200 90
[02/Dec/2024 10:21:32] "GET /project/7/ HTTP/1.1" 200 117
[02/Dec/2024 10:21:42] "POST /project/7/info/ HTTP/1.1" 200 133
[02/Dec/2024 10:21:43] "POST /project/7/info/ HTTP/1.1" 200 133
[02/Dec/2024 10:21:55] "POST /project/5/info/ HTTP/1.1" 200 133
[02/Dec/2024 10:22:02] "POST /project/10/info/ HTTP/1.1" 200 134
[02/Dec/2024 10:23:03] "POST /project/6/info/ HTTP/1.1" 200 133
[02/Dec/2024 10:23:12] "POST /project/10/info/ HTTP/1.1" 200 134
[02/Dec/2024 10:23:24] "POST /project/1/info/ HTTP/1.1" 200 133
[02/Dec/2024 10:23:30] "POST /project/1/info/ HTTP/1.1" 200 133
[02/Dec/2024 10:24:44] "GET /project/1/ HTTP/1.1" 200 117
[02/Dec/2024 10:24:50] "GET /project/9/ HTTP/1.1" 200 117
[02/Dec/2024 10:25:13] "GET /project/1/ HTTP/1.1" 200 117
[02/Dec/2024 10:25:24] "POST /project/8/info/ HTTP/1.1" 200 133
[02/Dec/2024 10:25:27] "GET /project/8/ HTTP/1.1" 200 117
[02/Dec/2024 10:26:30] "POST /project/6/info/ HTTP/1.1" 200 133
[02/Dec/2024 10:26:40] "POST /project/6/info/ HTTP/1.1" 200 133
[02/Dec/2024 10:26:50] "GET /project/3/ HTTP/1.1" 200 88
[02/Dec/2024 10:27:02] "GET /project/10/ HTTP/1.1" 200 118
[02/Dec/2024 10:27:07] "POST /project/6/info/ HTTP/1.1" 200 133
Watching for file changes with StatReloader
[02/Dec/2024 10:32:21] "POST /project/10/info/ HTTP/1.1" 200 134
[02/Dec/2024 10:32:26] "GET /project/10/ HTTP/1.1" 200 118
[02/Dec/2024 10:32:43] "POST /project/5/info/ HTTP/1.1" 200 133
[02/Dec/2024 10:32:48] "POST /project/5/info/ HTTP/1.1" 200 133
[02/Dec/2024 10:32:54] "POST /project/5/info/ HTTP/1.1" 200 133
[02/Dec/2024 10:32:58] "GET /project/5/ HTTP/1.1" 200 117
[02/Dec/2024 10:34:05] "GET /project/1/ HTTP/1.1" 200 88
[02/Dec/2024 10:35:08] "GET /project/1/ HTTP/1.1" 200 88
[02/Dec/2024 10:35:11] "POST /project/1/info/ HTTP/1.1" 200 133
[02/Dec/2024 10:35:17] "GET /project/1/ HTTP/1.1" 200 117
[02/Dec/2024 10:35:21] "POST /project/1/info/ HTTP/1.1" 200 133
[02/Dec/2024 10:35:24] "POST /project/1/info/ HTTP/1.1" 200 133
[02/Dec/2024 10:35:29] "POST /project/8/info/ HTTP/1.1" 200 133
[02/Dec/2024 10:35:38] "POST /project/8/info/ HTTP/1.1" 200 133
[02/Dec/2024 10:35:41] "POST /project/1/info/ HTTP/1.1" 200 133
[02/Dec/2024 10:35:44] "POST /project/1/info/ HTTP/1.1" 200 133
[02/Dec/2024 10:35:45] "GET /project/8/ HTTP/1.1" 200 117
[02/Dec/2024 10:35:48] "GET /project/1/ HTTP/1.1" 200 117
[02/Dec/2024 10:35:50] "GET /project/8/ HTTP/1.1" 200 117
[02/Dec/2024 10:36:04] "POST /project/8/info/ HTTP/1.1" 200 133
[02/Dec/2024 10:36:07] "GET /project/8/ HTTP/1.1" 200 117
[02/Dec/2024 10:36:27] "POST /project/2/info/ HTTP/1.1" 200 133
[02/Dec/2024 10:36:28] "POST /project/4/info/ HTTP/1.1" 200 133
[02/Dec/2024 10:36:30] "POST /project/2/info/ HTTP/1.1" 200 133
[02/Dec/2024 10:36:35] "GET /project/4/ HTTP/1.1" 200 117
[02/Dec/2024 10:36:44] "POST /project/4/info/ HTTP/1.1" 200 133
[02/Dec/2024 10:36:45] "POST /project/4/info/ HTTP/1.1" 200 133
