Initialized ProjectList with 10 projects
Port 8002 registered successfully with host host.docker.internal
Initialized ProjectList with 10 projects
Port 8002 registered successfully with host host.docker.internal
Performing system checks...

System check identified no issues (0 silenced).
December 02, 2024 - 08:00:18
Django version 3.2.25, using settings 'django_server.settings'
Starting development server at http://0.0.0.0:8002/
Quit the server with CONTROL-C.
Initialized ProjectList with 10 projects
Port 8002 registered successfully with host host.docker.internal
Initialized ProjectList with 10 projects
Port 8002 registered successfully with host host.docker.internal
Performing system checks...

System check identified no issues (0 silenced).
December 02, 2024 - 08:03:01
Django version 3.2.25, using settings 'django_server.settings'
Starting development server at http://0.0.0.0:8002/
Quit the server with CONTROL-C.
Initialized ProjectList with 10 projects
Port 8002 registered successfully with host host.docker.internal
Initialized ProjectList with 10 projects
Port 8002 registered successfully with host host.docker.internal
Performing system checks...

System check identified no issues (0 silenced).
December 02, 2024 - 08:06:48
Django version 3.2.25, using settings 'django_server.settings'
Starting development server at http://0.0.0.0:8002/
Quit the server with CONTROL-C.
Initialized ProjectList with 10 projects
Port 8002 registered successfully with host host.docker.internal
Initialized ProjectList with 10 projects
Port 8002 registered successfully with host host.docker.internal
Performing system checks...

System check identified no issues (0 silenced).
December 02, 2024 - 08:44:30
Django version 3.2.25, using settings 'django_server.settings'
Starting development server at http://0.0.0.0:8002/
Quit the server with CONTROL-C.
Initialized ProjectList with 10 projects
Port 8002 registered successfully with host host.docker.internal
Initialized ProjectList with 10 projects
Port 8002 registered successfully with host host.docker.internal
Performing system checks...

System check identified no issues (0 silenced).
December 02, 2024 - 08:49:35
Django version 3.2.25, using settings 'django_server.settings'
Starting development server at http://0.0.0.0:8002/
Quit the server with CONTROL-C.
Initialized ProjectList with 10 projects
Port 8002 registered successfully with host host.docker.internal
Initialized ProjectList with 10 projects
Port 8002 registered successfully with host host.docker.internal
Performing system checks...

System check identified no issues (0 silenced).
December 02, 2024 - 08:57:39
Django version 3.2.25, using settings 'django_server.settings'
Starting development server at http://0.0.0.0:8002/
Quit the server with CONTROL-C.
Initialized ProjectList with 10 projects
Port 8002 registered successfully with host host.docker.internal
Initialized ProjectList with 10 projects
Port 8002 registered successfully with host host.docker.internal
Performing system checks...

System check identified no issues (0 silenced).
December 02, 2024 - 09:00:39
Django version 3.2.25, using settings 'django_server.settings'
Starting development server at http://0.0.0.0:8002/
Quit the server with CONTROL-C.
Initialized ProjectList with 10 projects
Port 8002 registered successfully with host host.docker.internal
Initialized ProjectList with 10 projects
Port 8002 registered successfully with host host.docker.internal
Performing system checks...

System check identified no issues (0 silenced).
December 02, 2024 - 09:05:51
Django version 3.2.25, using settings 'django_server.settings'
Starting development server at http://0.0.0.0:8002/
Quit the server with CONTROL-C.
Initialized ProjectList with 10 projects
Port 8002 registered successfully with host host.docker.internal
Initialized ProjectList with 10 projects
Port 8002 registered successfully with host host.docker.internal
Performing system checks...

System check identified no issues (0 silenced).
December 02, 2024 - 10:31:22
Django version 3.2.25, using settings 'django_server.settings'
Starting development server at http://0.0.0.0:8002/
Quit the server with CONTROL-C.
