Watching for file changes with StatReloader
Watching for file changes with StatReloader
Watching for file changes with StatReloader
[02/Dec/2024 08:07:01] "GET /projects/ HTTP/1.1" 200 642
[02/Dec/2024 08:07:05] "GET /projects/ HTTP/1.1" 200 642
[02/Dec/2024 08:07:15] "GET /projects/ HTTP/1.1" 200 642
[02/Dec/2024 08:07:17] "GET /project/1/ HTTP/1.1" 200 88
[02/Dec/2024 08:17:27] "GET /project/3/ HTTP/1.1" 200 88
[02/Dec/2024 08:17:29] "GET /project/3/ HTTP/1.1" 200 88
[02/Dec/2024 08:19:18] "GET /projects/ HTTP/1.1" 200 642
[02/Dec/2024 08:19:19] "GET /projects/ HTTP/1.1" 200 642
[02/Dec/2024 08:19:34] "GET /projects/ HTTP/1.1" 200 642
[02/Dec/2024 08:19:36] "GET /project/3/ HTTP/1.1" 200 88
[02/Dec/2024 08:24:23] "GET /project/1/ HTTP/1.1" 200 88
[02/Dec/2024 08:24:35] "GET /project/1/ HTTP/1.1" 200 88
[02/Dec/2024 08:24:36] "GET /projects/ HTTP/1.1" 200 642
[02/Dec/2024 08:24:37] "POST /project/6/info/ HTTP/1.1" 200 133
[02/Dec/2024 08:25:17] "GET /projects/ HTTP/1.1" 200 671
[02/Dec/2024 08:28:17] "GET /projects/ HTTP/1.1" 200 671
[02/Dec/2024 08:28:37] "GET /projects/ HTTP/1.1" 200 671
[02/Dec/2024 08:30:37] "POST /project/4/info/ HTTP/1.1" 200 133
[02/Dec/2024 08:31:06] "POST /project/4/info/ HTTP/1.1" 200 133
[02/Dec/2024 08:31:08] "GET /project/8/ HTTP/1.1" 200 88
[02/Dec/2024 08:31:11] "GET /projects/ HTTP/1.1" 200 700
[02/Dec/2024 08:31:15] "GET /projects/ HTTP/1.1" 200 700
[02/Dec/2024 08:31:18] "GET /project/2/ HTTP/1.1" 200 88
[02/Dec/2024 08:31:23] "POST /project/10/info/ HTTP/1.1" 200 134
[02/Dec/2024 08:31:28] "GET /projects/ HTTP/1.1" 200 728
[02/Dec/2024 08:31:31] "GET /projects/ HTTP/1.1" 200 728
[02/Dec/2024 08:31:36] "POST /project/8/info/ HTTP/1.1" 200 133
[02/Dec/2024 08:31:37] "GET /projects/ HTTP/1.1" 200 757
[02/Dec/2024 08:31:38] "GET /projects/ HTTP/1.1" 200 757
[02/Dec/2024 08:31:51] "GET /project/10/ HTTP/1.1" 200 118
[02/Dec/2024 08:32:18] "POST /project/10/info/ HTTP/1.1" 200 134
[02/Dec/2024 08:32:22] "POST /project/10/info/ HTTP/1.1" 200 134
[02/Dec/2024 08:33:24] "GET /project/9/ HTTP/1.1" 200 88
[02/Dec/2024 08:33:32] "GET /projects/ HTTP/1.1" 200 757
[02/Dec/2024 08:33:35] "POST /project/6/info/ HTTP/1.1" 200 133
[02/Dec/2024 08:33:38] "GET /projects/ HTTP/1.1" 200 757
[02/Dec/2024 08:33:40] "POST /project/6/info/ HTTP/1.1" 200 133
[02/Dec/2024 08:33:41] "POST /project/9/info/ HTTP/1.1" 200 133
[02/Dec/2024 08:33:44] "GET /projects/ HTTP/1.1" 200 786
[02/Dec/2024 08:33:47] "POST /project/9/info/ HTTP/1.1" 200 133
[02/Dec/2024 08:33:56] "GET /projects/ HTTP/1.1" 200 786
[02/Dec/2024 08:34:05] "GET /project/6/ HTTP/1.1" 200 117
[02/Dec/2024 08:34:08] "GET /project/8/ HTTP/1.1" 200 117
[02/Dec/2024 08:35:10] "GET /projects/ HTTP/1.1" 200 786
[02/Dec/2024 08:35:13] "GET /projects/ HTTP/1.1" 200 786
[02/Dec/2024 08:35:14] "GET /projects/ HTTP/1.1" 200 786
[02/Dec/2024 08:35:16] "GET /project/10/ HTTP/1.1" 200 118
[02/Dec/2024 08:35:21] "GET /project/7/ HTTP/1.1" 200 88
[02/Dec/2024 08:35:22] "GET /project/3/ HTTP/1.1" 200 88
[02/Dec/2024 08:35:23] "GET /projects/ HTTP/1.1" 200 786
[02/Dec/2024 08:35:25] "POST /project/3/info/ HTTP/1.1" 200 133
[02/Dec/2024 08:35:39] "POST /project/10/info/ HTTP/1.1" 200 134
[02/Dec/2024 08:35:52] "GET /project/7/ HTTP/1.1" 200 88
[02/Dec/2024 08:36:54] "GET /projects/ HTTP/1.1" 200 815
[02/Dec/2024 08:36:57] "GET /projects/ HTTP/1.1" 200 815
[02/Dec/2024 08:36:59] "GET /project/5/ HTTP/1.1" 200 88
[02/Dec/2024 08:37:26] "GET /project/5/ HTTP/1.1" 200 88
[02/Dec/2024 08:37:27] "GET /project/5/ HTTP/1.1" 200 88
[02/Dec/2024 08:37:31] "GET /projects/ HTTP/1.1" 200 815
[02/Dec/2024 08:37:32] "GET /project/7/ HTTP/1.1" 200 88
[02/Dec/2024 08:37:34] "GET /project/9/ HTTP/1.1" 200 117
[02/Dec/2024 08:37:37] "POST /project/3/info/ HTTP/1.1" 200 133
[02/Dec/2024 08:37:38] "GET /projects/ HTTP/1.1" 200 815
[02/Dec/2024 08:37:40] "POST /project/4/info/ HTTP/1.1" 200 133
[02/Dec/2024 08:37:41] "POST /project/5/info/ HTTP/1.1" 200 133
[02/Dec/2024 08:37:44] "POST /project/10/info/ HTTP/1.1" 200 134
[02/Dec/2024 08:37:48] "GET /projects/ HTTP/1.1" 200 844
[02/Dec/2024 08:39:25] "POST /project/4/info/ HTTP/1.1" 200 133
[02/Dec/2024 08:40:14] "GET /project/4/ HTTP/1.1" 200 117
[02/Dec/2024 08:40:20] "GET /projects/ HTTP/1.1" 200 844
[02/Dec/2024 08:40:25] "GET /project/4/ HTTP/1.1" 200 117
Watching for file changes with StatReloader
[02/Dec/2024 08:44:45] "POST /project/3/info/ HTTP/1.1" 200 133
[02/Dec/2024 08:45:51] "GET /projects/ HTTP/1.1" 200 671
[02/Dec/2024 08:45:52] "POST /project/6/info/ HTTP/1.1" 200 133
[02/Dec/2024 08:45:56] "GET /projects/ HTTP/1.1" 200 700
[02/Dec/2024 08:45:59] "GET /project/3/ HTTP/1.1" 200 117
[02/Dec/2024 08:46:03] "GET /projects/ HTTP/1.1" 200 700
[02/Dec/2024 08:46:11] "GET /projects/ HTTP/1.1" 200 700
Watching for file changes with StatReloader
Watching for file changes with StatReloader
Watching for file changes with StatReloader
[02/Dec/2024 09:00:50] "GET /projects/ HTTP/1.1" 200 642
[02/Dec/2024 09:00:53] "GET /projects/ HTTP/1.1" 200 642
[02/Dec/2024 09:00:57] "GET /projects/ HTTP/1.1" 200 642
[02/Dec/2024 09:01:01] "GET /projects/ HTTP/1.1" 200 642
[02/Dec/2024 09:01:11] "GET /project/8/ HTTP/1.1" 200 88
[02/Dec/2024 09:01:15] "GET /projects/ HTTP/1.1" 200 642
[02/Dec/2024 09:01:16] "GET /project/8/ HTTP/1.1" 200 88
[02/Dec/2024 09:01:20] "GET /project/8/ HTTP/1.1" 200 88
[02/Dec/2024 09:01:29] "POST /project/8/info/ HTTP/1.1" 200 133
[02/Dec/2024 09:01:41] "POST /project/8/info/ HTTP/1.1" 200 133
[02/Dec/2024 09:02:02] "POST /project/8/info/ HTTP/1.1" 200 133
[02/Dec/2024 09:02:09] "POST /project/8/info/ HTTP/1.1" 200 133
Watching for file changes with StatReloader
[02/Dec/2024 09:06:03] "POST /project/4/info/ HTTP/1.1" 200 133
[02/Dec/2024 09:06:10] "GET /projects/ HTTP/1.1" 200 671
[02/Dec/2024 09:06:16] "POST /project/9/info/ HTTP/1.1" 200 133
[02/Dec/2024 09:06:23] "GET /project/9/ HTTP/1.1" 200 117
[02/Dec/2024 09:06:29] "POST /project/9/info/ HTTP/1.1" 200 133
[02/Dec/2024 09:06:34] "GET /projects/ HTTP/1.1" 200 700
[02/Dec/2024 09:06:39] "GET /projects/ HTTP/1.1" 200 700
[02/Dec/2024 09:06:45] "GET /projects/ HTTP/1.1" 200 700
[02/Dec/2024 09:06:48] "GET /project/4/ HTTP/1.1" 200 117
[02/Dec/2024 09:06:53] "POST /project/9/info/ HTTP/1.1" 200 133
[02/Dec/2024 09:07:17] "GET /project/7/ HTTP/1.1" 200 88
[02/Dec/2024 09:07:28] "GET /project/7/ HTTP/1.1" 200 88
[02/Dec/2024 09:07:38] "POST /project/8/info/ HTTP/1.1" 200 133
[02/Dec/2024 09:07:49] "GET /projects/ HTTP/1.1" 200 729
[02/Dec/2024 09:07:53] "GET /projects/ HTTP/1.1" 200 729
[02/Dec/2024 09:07:57] "GET /projects/ HTTP/1.1" 200 729
[02/Dec/2024 09:08:10] "POST /project/5/info/ HTTP/1.1" 200 133
[02/Dec/2024 09:08:15] "GET /project/8/ HTTP/1.1" 200 117
[02/Dec/2024 09:08:34] "GET /project/5/ HTTP/1.1" 200 117
[02/Dec/2024 09:08:48] "GET /project/4/ HTTP/1.1" 200 117
[02/Dec/2024 09:09:08] "GET /project/4/ HTTP/1.1" 200 117
[02/Dec/2024 09:09:23] "GET /project/4/ HTTP/1.1" 200 117
[02/Dec/2024 09:09:26] "GET /projects/ HTTP/1.1" 200 758
[02/Dec/2024 09:09:31] "POST /project/1/info/ HTTP/1.1" 200 133
[02/Dec/2024 09:09:43] "POST /project/6/info/ HTTP/1.1" 200 133
[02/Dec/2024 09:09:57] "GET /project/6/ HTTP/1.1" 200 117
[02/Dec/2024 09:10:03] "POST /project/10/info/ HTTP/1.1" 200 134
[02/Dec/2024 09:10:08] "GET /project/10/ HTTP/1.1" 200 118
[02/Dec/2024 09:10:24] "POST /project/7/info/ HTTP/1.1" 200 133
[02/Dec/2024 09:10:37] "POST /project/6/info/ HTTP/1.1" 200 133
[02/Dec/2024 09:10:42] "GET /projects/ HTTP/1.1" 200 873
[02/Dec/2024 09:10:44] "GET /projects/ HTTP/1.1" 200 873
[02/Dec/2024 09:10:48] "POST /project/10/info/ HTTP/1.1" 200 134
[02/Dec/2024 09:18:00] "GET /project/5 HTTP/1.1" 301 0
[02/Dec/2024 09:18:00] "GET /project/5/ HTTP/1.1" 200 117
[02/Dec/2024 10:21:29] "POST /project/3/info/ HTTP/1.1" 200 133
[02/Dec/2024 10:21:39] "GET /project/4/ HTTP/1.1" 200 117
[02/Dec/2024 10:21:48] "GET /project/3/ HTTP/1.1" 200 117
[02/Dec/2024 10:21:59] "GET /project/4/ HTTP/1.1" 200 117
[02/Dec/2024 10:23:09] "GET /project/9/ HTTP/1.1" 200 117
[02/Dec/2024 10:23:22] "POST /project/8/info/ HTTP/1.1" 200 133
[02/Dec/2024 10:23:25] "POST /project/8/info/ HTTP/1.1" 200 133
[02/Dec/2024 10:23:26] "POST /project/8/info/ HTTP/1.1" 200 133
[02/Dec/2024 10:23:43] "POST /project/8/info/ HTTP/1.1" 200 133
[02/Dec/2024 10:24:46] "GET /project/2/ HTTP/1.1" 200 88
[02/Dec/2024 10:25:04] "POST /project/5/info/ HTTP/1.1" 200 133
[02/Dec/2024 10:25:15] "POST /project/5/info/ HTTP/1.1" 200 133
[02/Dec/2024 10:25:20] "POST /project/2/info/ HTTP/1.1" 200 133
[02/Dec/2024 10:26:44] "POST /project/8/info/ HTTP/1.1" 200 133
[02/Dec/2024 10:26:54] "GET /project/7/ HTTP/1.1" 200 117
[02/Dec/2024 10:26:59] "POST /project/8/info/ HTTP/1.1" 200 133
[02/Dec/2024 10:27:09] "POST /project/8/info/ HTTP/1.1" 200 133
[02/Dec/2024 10:27:10] "GET /project/8/ HTTP/1.1" 200 117
Watching for file changes with StatReloader
[02/Dec/2024 10:32:22] "POST /project/9/info/ HTTP/1.1" 200 133
[02/Dec/2024 10:32:39] "POST /project/2/info/ HTTP/1.1" 200 133
[02/Dec/2024 10:32:46] "POST /project/2/info/ HTTP/1.1" 200 133
[02/Dec/2024 10:34:08] "GET /project/3/ HTTP/1.1" 200 88
[02/Dec/2024 10:35:09] "POST /project/4/info/ HTTP/1.1" 200 133
[02/Dec/2024 10:35:13] "GET /project/4/ HTTP/1.1" 200 117
[02/Dec/2024 10:35:15] "GET /project/4/ HTTP/1.1" 200 117
[02/Dec/2024 10:35:20] "POST /project/9/info/ HTTP/1.1" 200 133
[02/Dec/2024 10:35:30] "POST /project/5/info/ HTTP/1.1" 200 133
[02/Dec/2024 10:35:33] "POST /project/4/info/ HTTP/1.1" 200 133
[02/Dec/2024 10:35:34] "GET /project/9/ HTTP/1.1" 200 117
[02/Dec/2024 10:35:35] "GET /project/4/ HTTP/1.1" 200 117
[02/Dec/2024 10:35:36] "GET /project/4/ HTTP/1.1" 200 117
[02/Dec/2024 10:35:40] "GET /project/4/ HTTP/1.1" 200 117
[02/Dec/2024 10:35:49] "POST /project/9/info/ HTTP/1.1" 200 133
[02/Dec/2024 10:35:52] "POST /project/4/info/ HTTP/1.1" 200 133
[02/Dec/2024 10:35:53] "GET /project/9/ HTTP/1.1" 200 117
[02/Dec/2024 10:35:54] "GET /project/4/ HTTP/1.1" 200 117
[02/Dec/2024 10:35:56] "POST /project/5/info/ HTTP/1.1" 200 133
[02/Dec/2024 10:35:58] "POST /project/4/info/ HTTP/1.1" 200 133
[02/Dec/2024 10:36:05] "POST /project/9/info/ HTTP/1.1" 200 133
[02/Dec/2024 10:36:06] "POST /project/4/info/ HTTP/1.1" 200 133
[02/Dec/2024 10:36:08] "POST /project/5/info/ HTTP/1.1" 200 133
[02/Dec/2024 10:36:15] "GET /project/9/ HTTP/1.1" 200 117
[02/Dec/2024 10:36:16] "POST /project/5/info/ HTTP/1.1" 200 133
[02/Dec/2024 10:36:18] "POST /project/9/info/ HTTP/1.1" 200 133
